  stdafx.cpp
  PEChecksum.cpp
C:\Users\admin\source\repos\gailium119\PEChecksum\PEChecksum\PEChecksum.cpp(51,36): warning C4267: “=”: 从“size_t”转换到“unsigned short”，可能丢失数据
C:\Users\admin\source\repos\gailium119\PEChecksum\PEChecksum\PEChecksum.cpp(68,9): warning C4477: “printf”: 格式字符串“%I64X”需要类型“unsigned __int64”的参数，但可变参数 2 拥有了类型“HANDLE”
C:\Users\admin\source\repos\gailium119\PEChecksum\PEChecksum\PEChecksum.cpp(92,9): warning C4477: “printf”: 格式字符串“%I64X”需要类型“unsigned __int64”的参数，但可变参数 2 拥有了类型“HANDLE”
C:\Users\admin\source\repos\gailium119\PEChecksum\PEChecksum\PEChecksum.cpp(117,9): warning C4477: “printf”: 格式字符串“%I64X”需要类型“unsigned __int64”的参数，但可变参数 2 拥有了类型“void *”
C:\Users\admin\source\repos\gailium119\PEChecksum\PEChecksum\PEChecksum.cpp(223,2): warning C4996: 'wcscat': This function or variable may be unsafe. Consider using wcscat_s instead. To disable deprecation, use _CRT_SECURE_NO_WARNINGS. See online help for details.
C:\Users\admin\source\repos\gailium119\PEChecksum\PEChecksum\PEChecksum.cpp(224,2): warning C4996: 'wcscat': This function or variable may be unsafe. Consider using wcscat_s instead. To disable deprecation, use _CRT_SECURE_NO_WARNINGS. See online help for details.
C:\Users\admin\source\repos\gailium119\PEChecksum\PEChecksum\PEChecksum.cpp(246,9): warning C4477: “printf”: 格式字符串“%I64X”需要类型“unsigned __int64”的参数，但可变参数 1 拥有了类型“void *”
C:\Users\admin\source\repos\gailium119\PEChecksum\PEChecksum\PEChecksum.cpp(265,22): warning C4244: “初始化”: 从“unsigned __int64”转换到“unsigned long”，可能丢失数据
C:\Users\admin\source\repos\gailium119\PEChecksum\PEChecksum\PEChecksum.cpp(269,9): warning C4477: “printf”: 格式字符串“%X”需要类型“unsigned int”的参数，但可变参数 1 拥有了类型“void *”
C:\Users\admin\source\repos\gailium119\PEChecksum\PEChecksum\PEChecksum.cpp(269,9): warning C4313: "printf": 格式字符串中的 "%X" 与类型为 "void *" 的参数 1 冲突
C:\Users\admin\source\repos\gailium119\PEChecksum\PEChecksum\PEChecksum.cpp(275,27): warning C4244: “=”: 从“unsigned __int64”转换到“unsigned long”，可能丢失数据
C:\Users\admin\source\repos\gailium119\PEChecksum\PEChecksum\PEChecksum.cpp(287,9): warning C4477: “printf”: 格式字符串“%X”需要类型“unsigned int”的参数，但可变参数 1 拥有了类型“unsigned char *”
C:\Users\admin\source\repos\gailium119\PEChecksum\PEChecksum\PEChecksum.cpp(287,9): warning C4313: "printf": 格式字符串中的 "%X" 与类型为 "unsigned char *" 的参数 1 冲突
  正在生成代码
  Previous IPDB not found, fall back to full compilation.
  All 10 functions were compiled because no usable IPDB/IOBJ from previous compilation was found.
  已完成代码的生成
  PEChecksum.vcxproj -> C:\Users\admin\source\repos\gailium119\PEChecksum\x64\Release\PEChecksum.exe
